# JRE version: Java(TM) SE Runtime Environment (8.0_171-b11) (build 1.8.0_171-b11)
# Java VM: Java HotSpot(TM) 64-Bit Server VM (25.171-b11 mixed mode linux-amd64 compressed oops)
Heap:
 PSYoungGen      total 230912K, used 0K [0x00000000eab00000, 0x00000000fff00000, 0x0000000100000000)
  eden space 122368K, 0% used [0x00000000eab00000,0x00000000eab00000,0x00000000f2280000)
  from space 108544K, 0% used [0x00000000f8e80000,0x00000000f8e80000,0x00000000ff880000)
  to   space 110592K, 0% used [0x00000000f2280000,0x00000000f2280000,0x00000000f8e80000)
 ParOldGen       total 394752K, used 338923K [0x00000000c0000000, 0x00000000d8180000, 0x00000000eab00000)
  object space 394752K, 85% used [0x00000000c0000000,0x00000000d4afadb0,0x00000000d8180000)
 Metaspace       used 194234K, capacity 203509K, committed 208088K, reserved 1226752K
  class space    used 25729K, capacity 27486K, committed 31744K, reserved 1048576K
GC Heap History (10 events):
Event: 7102.359 GC heap after
Heap after GC invocations=112 (full 10):
 PSYoungGen      total 224256K, used 94251K [0x00000000eab00000, 0x0000000100000000, 0x0000000100000000)
  eden space 116736K, 0% used [0x00000000eab00000,0x00000000eab00000,0x00000000f1d00000)
  from space 107520K, 87% used [0x00000000f9700000,0x00000000ff30ae50,0x0000000100000000)
  to   space 116224K, 0% used [0x00000000f1d00000,0x00000000f1d00000,0x00000000f8e80000)
 ParOldGen       total 394752K, used 280493K [0x00000000c0000000, 0x00000000d8180000, 0x00000000eab00000)
  object space 394752K, 71% used [0x00000000c0000000,0x00000000d11eb778,0x00000000d8180000)
 Metaspace       used 178049K, capacity 186571K, committed 208088K, reserved 1226752K
  class space    used 23501K, capacity 25097K, committed 31744K, reserved 1048576K
}
Event: 7355.002 GC heap before
{Heap before GC invocations=113 (full 10):
 PSYoungGen      total 224256K, used 210987K [0x00000000eab00000, 0x0000000100000000, 0x0000000100000000)
  eden space 116736K, 100% used [0x00000000eab00000,0x00000000f1d00000,0x00000000f1d00000)
  from space 107520K, 87% used [0x00000000f9700000,0x00000000ff30ae50,0x0000000100000000)
  to   space 116224K, 0% used [0x00000000f1d00000,0x00000000f1d00000,0x00000000f8e80000)
 ParOldGen       total 394752K, used 280493K [0x00000000c0000000, 0x00000000d8180000, 0x00000000eab00000)
  object space 394752K, 71% used [0x00000000c0000000,0x00000000d11eb778,0x00000000d8180000)
 Metaspace       used 178072K, capacity 186641K, committed 208088K, reserved 1226752K
  class space    used 23504K, capacity 25098K, committed 31744K, reserved 1048576K
Event: 7355.774 GC heap after
Heap after GC invocations=113 (full 10):
 PSYoungGen      total 232960K, used 14736K [0x00000000eab00000, 0x0000000100000000, 0x0000000100000000)
  eden space 116736K, 0% used [0x00000000eab00000,0x00000000eab00000,0x00000000f1d00000)
  from space 116224K, 12% used [0x00000000f1d00000,0x00000000f2b64060,0x00000000f8e80000)
  to   space 116224K, 0% used [0x00000000f8e80000,0x00000000f8e80000,0x0000000100000000)
 ParOldGen       total 394752K, used 297276K [0x00000000c0000000, 0x00000000d8180000, 0x00000000eab00000)
  object space 394752K, 75% used [0x00000000c0000000,0x00000000d224f158,0x00000000d8180000)
 Metaspace       used 178072K, capacity 186641K, committed 208088K, reserved 1226752K
  class space    used 23504K, capacity 25098K, committed 31744K, reserved 1048576K
}
Event: 7359.789 GC heap before
{Heap before GC invocations=114 (full 10):
 PSYoungGen      total 232960K, used 131472K [0x00000000eab00000, 0x0000000100000000, 0x0000000100000000)
  eden space 116736K, 100% used [0x00000000eab00000,0x00000000f1d00000,0x00000000f1d00000)
  from space 116224K, 12% used [0x00000000f1d00000,0x00000000f2b64060,0x00000000f8e80000)
  to   space 116224K, 0% used [0x00000000f8e80000,0x00000000f8e80000,0x0000000100000000)
 ParOldGen       total 394752K, used 297276K [0x00000000c0000000, 0x00000000d8180000, 0x00000000eab00000)
  object space 394752K, 75% used [0x00000000c0000000,0x00000000d224f158,0x00000000d8180000)
 Metaspace       used 181649K, capacity 190317K, committed 208088K, reserved 1226752K
  class space    used 23930K, capacity 25574K, committed 31744K, reserved 1048576K
Event: 7360.012 GC heap after
Heap after GC invocations=114 (full 10):
 PSYoungGen      total 227840K, used 22539K [0x00000000eab00000, 0x00000000ffb00000, 0x0000000100000000)
  eden space 116736K, 0% used [0x00000000eab00000,0x00000000eab00000,0x00000000f1d00000)
  from space 111104K, 20% used [0x00000000f8e80000,0x00000000fa482d48,0x00000000ffb00000)
  to   space 113664K, 0% used [0x00000000f1d00000,0x00000000f1d00000,0x00000000f8c00000)
 ParOldGen       total 394752K, used 302434K [0x00000000c0000000, 0x00000000d8180000, 0x00000000eab00000)
  object space 394752K, 76% used [0x00000000c0000000,0x00000000d2758bc8,0x00000000d8180000)
 Metaspace       used 181649K, capacity 190317K, committed 208088K, reserved 1226752K
  class space    used 23930K, capacity 25574K, committed 31744K, reserved 1048576K
}
Event: 7362.004 GC heap before
{Heap before GC invocations=115 (full 10):
 PSYoungGen      total 227840K, used 139275K [0x00000000eab00000, 0x00000000ffb00000, 0x0000000100000000)
  eden space 116736K, 100% used [0x00000000eab00000,0x00000000f1d00000,0x00000000f1d00000)
  from space 111104K, 20% used [0x00000000f8e80000,0x00000000fa482d48,0x00000000ffb00000)
  to   space 113664K, 0% used [0x00000000f1d00000,0x00000000f1d00000,0x00000000f8c00000)
 ParOldGen       total 394752K, used 302434K [0x00000000c0000000, 0x00000000d8180000, 0x00000000eab00000)
  object space 394752K, 76% used [0x00000000c0000000,0x00000000d2758bc8,0x00000000d8180000)
 Metaspace       used 190372K, capacity 199615K, committed 208088K, reserved 1226752K
  class space    used 25171K, capacity 26899K, committed 31744K, reserved 1048576K
Event: 7362.874 GC heap after
Heap after GC invocations=115 (full 10):
 PSYoungGen      total 230400K, used 44765K [0x00000000eab00000, 0x00000000ff880000, 0x0000000100000000)
  eden space 116736K, 0% used [0x00000000eab00000,0x00000000eab00000,0x00000000f1d00000)
  from space 113664K, 39% used [0x00000000f1d00000,0x00000000f48b76c0,0x00000000f8c00000)
  to   space 108544K, 0% used [0x00000000f8e80000,0x00000000f8e80000,0x00000000ff880000)
 ParOldGen       total 394752K, used 320806K [0x00000000c0000000, 0x00000000d8180000, 0x00000000eab00000)
  object space 394752K, 81% used [0x00000000c0000000,0x00000000d3949a08,0x00000000d8180000)
 Metaspace       used 190372K, capacity 199615K, committed 208088K, reserved 1226752K
  class space    used 25171K, capacity 26899K, committed 31744K, reserved 1048576K
}
Event: 7364.878 GC heap before
{Heap before GC invocations=116 (full 10):
 PSYoungGen      total 230400K, used 161501K [0x00000000eab00000, 0x00000000ff880000, 0x0000000100000000)
  eden space 116736K, 100% used [0x00000000eab00000,0x00000000f1d00000,0x00000000f1d00000)
  from space 113664K, 39% used [0x00000000f1d00000,0x00000000f48b76c0,0x00000000f8c00000)
  to   space 108544K, 0% used [0x00000000f8e80000,0x00000000f8e80000,0x00000000ff880000)
 ParOldGen       total 394752K, used 320806K [0x00000000c0000000, 0x00000000d8180000, 0x00000000eab00000)
  object space 394752K, 81% used [0x00000000c0000000,0x00000000d3949a08,0x00000000d8180000)
 Metaspace       used 194234K, capacity 203509K, committed 208088K, reserved 1226752K
  class space    used 25729K, capacity 27486K, committed 31744K, reserved 1048576K
Event: 7365.673 GC heap after
Heap after GC invocations=116 (full 10):
 PSYoungGen      total 230912K, used 63150K [0x00000000eab00000, 0x00000000fff00000, 0x0000000100000000)
  eden space 122368K, 0% used [0x00000000eab00000,0x00000000eab00000,0x00000000f2280000)
  from space 108544K, 58% used [0x00000000f8e80000,0x00000000fcc2ba58,0x00000000ff880000)
  to   space 110592K, 0% used [0x00000000f2280000,0x00000000f2280000,0x00000000f8e80000)
 ParOldGen       total 394752K, used 355606K [0x00000000c0000000, 0x00000000d8180000, 0x00000000eab00000)
  object space 394752K, 90% used [0x00000000c0000000,0x00000000d5b45930,0x00000000d8180000)
 Metaspace       used 194234K, capacity 203509K, committed 208088K, reserved 1226752K
  class space    used 25729K, capacity 27486K, committed 31744K, reserved 1048576K
}
Event: 7365.679 GC heap before
{Heap before GC invocations=117 (full 11):
 PSYoungGen      total 230912K, used 63150K [0x00000000eab00000, 0x00000000fff00000, 0x0000000100000000)
  eden space 122368K, 0% used [0x00000000eab00000,0x00000000eab00000,0x00000000f2280000)
  from space 108544K, 58% used [0x00000000f8e80000,0x00000000fcc2ba58,0x00000000ff880000)
  to   space 110592K, 0% used [0x00000000f2280000,0x00000000f2280000,0x00000000f8e80000)
 ParOldGen       total 394752K, used 355606K [0x00000000c0000000, 0x00000000d8180000, 0x00000000eab00000)
  object space 394752K, 90% used [0x00000000c0000000,0x00000000d5b45930,0x00000000d8180000)
 Metaspace       used 194234K, capacity 203509K, committed 208088K, reserved 1226752K
  class space    used 25729K, capacity 27486K, committed 31744K, reserved 1048576K

